Compiling the C compiler identification source file "CMakeCCompilerId.c" failed.
Compiler: /bin/arm-none-eabi-gcc-9.2.1 
Build flags: 
Id flags:  

The output was:
1
/usr/lib/gcc/arm-none-eabi/9.2.1/../../../arm-none-eabi/bin/ld: /usr/lib/gcc/arm-none-eabi/9.2.1/../../../arm-none-eabi/lib/libc.a(lib_a-exit.o): in function `exit':
/build/newlib-CVVEyx/newlib-3.3.0/build/arm-none-eabi/newlib/libc/stdlib/../../../../../newlib/libc/stdlib/exit.c:64: undefined reference to `_exit'
collect2: error: ld returned 1 exit status


Determining if the C compiler works failed with the following output:
Change Dir: /home/calin/Projects/plant-buddy-nrf/build/CMakeFiles/CMakeTmp

Run Build Command(s):/usr/bin/make cmTC_ab72b/fast && /usr/bin/make -f CMakeFiles/cmTC_ab72b.dir/build.make CMakeFiles/cmTC_ab72b.dir/build
make[1]: Entering directory '/home/calin/Projects/plant-buddy-nrf/build/CMakeFiles/CMakeTmp'
Building C object CMakeFiles/cmTC_ab72b.dir/testCCompiler.c.o
/bin/arm-none-eabi-gcc-9.2.1    -o CMakeFiles/cmTC_ab72b.dir/testCCompiler.c.o   -c /home/calin/Projects/plant-buddy-nrf/build/CMakeFiles/CMakeTmp/testCCompiler.c
Linking C executable cmTC_ab72b
/usr/bin/cmake -E cmake_link_script CMakeFiles/cmTC_ab72b.dir/link.txt --verbose=1
/bin/arm-none-eabi-gcc-9.2.1      -rdynamic CMakeFiles/cmTC_ab72b.dir/testCCompiler.c.o  -o cmTC_ab72b 
arm-none-eabi-gcc-9.2.1: error: unrecognized command line option '-rdynamic'
make[1]: *** [CMakeFiles/cmTC_ab72b.dir/build.make:87: cmTC_ab72b] Error 1
make[1]: Leaving directory '/home/calin/Projects/plant-buddy-nrf/build/CMakeFiles/CMakeTmp'
make: *** [Makefile:121: cmTC_ab72b/fast] Error 2



Compiling the C compiler identification source file "CMakeCCompilerId.c" failed.
Compiler: /bin/arm-none-eabi-gcc-9.2.1 
Build flags: 
Id flags:  

The output was:
1
/usr/lib/gcc/arm-none-eabi/9.2.1/../../../arm-none-eabi/bin/ld: /usr/lib/gcc/arm-none-eabi/9.2.1/../../../arm-none-eabi/lib/libc.a(lib_a-exit.o): in function `exit':
/build/newlib-CVVEyx/newlib-3.3.0/build/arm-none-eabi/newlib/libc/stdlib/../../../../../newlib/libc/stdlib/exit.c:64: undefined reference to `_exit'
collect2: error: ld returned 1 exit status


Determining if the C compiler works failed with the following output:
Change Dir: /home/calin/Projects/plant-buddy-nrf/build/CMakeFiles/CMakeTmp

Run Build Command(s):/usr/bin/make cmTC_b00c2/fast && /usr/bin/make -f CMakeFiles/cmTC_b00c2.dir/build.make CMakeFiles/cmTC_b00c2.dir/build
make[1]: Entering directory '/home/calin/Projects/plant-buddy-nrf/build/CMakeFiles/CMakeTmp'
Building C object CMakeFiles/cmTC_b00c2.dir/testCCompiler.c.o
/bin/arm-none-eabi-gcc-9.2.1    -o CMakeFiles/cmTC_b00c2.dir/testCCompiler.c.o   -c /home/calin/Projects/plant-buddy-nrf/build/CMakeFiles/CMakeTmp/testCCompiler.c
Linking C executable cmTC_b00c2
/usr/bin/cmake -E cmake_link_script CMakeFiles/cmTC_b00c2.dir/link.txt --verbose=1
/bin/arm-none-eabi-gcc-9.2.1      CMakeFiles/cmTC_b00c2.dir/testCCompiler.c.o  -o cmTC_b00c2 
/usr/lib/gcc/arm-none-eabi/9.2.1/../../../arm-none-eabi/bin/ld: /usr/lib/gcc/arm-none-eabi/9.2.1/../../../arm-none-eabi/lib/libc.a(lib_a-exit.o): in function `exit':
/build/newlib-CVVEyx/newlib-3.3.0/build/arm-none-eabi/newlib/libc/stdlib/../../../../../newlib/libc/stdlib/exit.c:64: undefined reference to `_exit'
collect2: error: ld returned 1 exit status
make[1]: *** [CMakeFiles/cmTC_b00c2.dir/build.make:87: cmTC_b00c2] Error 1
make[1]: Leaving directory '/home/calin/Projects/plant-buddy-nrf/build/CMakeFiles/CMakeTmp'
make: *** [Makefile:121: cmTC_b00c2/fast] Error 2



Compiling the C compiler identification source file "CMakeCCompilerId.c" failed.
Compiler: /bin/arm-none-eabi-gcc-9.2.1 
Build flags: 
Id flags:  

The output was:
1
/usr/lib/gcc/arm-none-eabi/9.2.1/../../../arm-none-eabi/bin/ld: /usr/lib/gcc/arm-none-eabi/9.2.1/../../../arm-none-eabi/lib/libc.a(lib_a-exit.o): in function `exit':
/build/newlib-CVVEyx/newlib-3.3.0/build/arm-none-eabi/newlib/libc/stdlib/../../../../../newlib/libc/stdlib/exit.c:64: undefined reference to `_exit'
collect2: error: ld returned 1 exit status


Determining if the C compiler works failed with the following output:
Change Dir: /home/calin/Projects/plant-buddy-nrf/build/CMakeFiles/CMakeTmp

Run Build Command(s):/usr/bin/make cmTC_cd368/fast && /usr/bin/make -f CMakeFiles/cmTC_cd368.dir/build.make CMakeFiles/cmTC_cd368.dir/build
make[1]: Entering directory '/home/calin/Projects/plant-buddy-nrf/build/CMakeFiles/CMakeTmp'
Building C object CMakeFiles/cmTC_cd368.dir/testCCompiler.c.o
/bin/arm-none-eabi-gcc-9.2.1    -o CMakeFiles/cmTC_cd368.dir/testCCompiler.c.o   -c /home/calin/Projects/plant-buddy-nrf/build/CMakeFiles/CMakeTmp/testCCompiler.c
Linking C executable cmTC_cd368
/usr/bin/cmake -E cmake_link_script CMakeFiles/cmTC_cd368.dir/link.txt --verbose=1
/bin/arm-none-eabi-gcc-9.2.1      CMakeFiles/cmTC_cd368.dir/testCCompiler.c.o  -o cmTC_cd368 
/usr/lib/gcc/arm-none-eabi/9.2.1/../../../arm-none-eabi/bin/ld: /usr/lib/gcc/arm-none-eabi/9.2.1/../../../arm-none-eabi/lib/libc.a(lib_a-exit.o): in function `exit':
/build/newlib-CVVEyx/newlib-3.3.0/build/arm-none-eabi/newlib/libc/stdlib/../../../../../newlib/libc/stdlib/exit.c:64: undefined reference to `_exit'
collect2: error: ld returned 1 exit status
make[1]: *** [CMakeFiles/cmTC_cd368.dir/build.make:87: cmTC_cd368] Error 1
make[1]: Leaving directory '/home/calin/Projects/plant-buddy-nrf/build/CMakeFiles/CMakeTmp'
make: *** [Makefile:121: cmTC_cd368/fast] Error 2



Compiling the C compiler identification source file "CMakeCCompilerId.c" failed.
Compiler: /bin/arm-none-eabi-gcc-9.2.1 
Build flags: 
Id flags:  

The output was:
1
/usr/lib/gcc/arm-none-eabi/9.2.1/../../../arm-none-eabi/bin/ld: /usr/lib/gcc/arm-none-eabi/9.2.1/../../../arm-none-eabi/lib/libc.a(lib_a-exit.o): in function `exit':
/build/newlib-CVVEyx/newlib-3.3.0/build/arm-none-eabi/newlib/libc/stdlib/../../../../../newlib/libc/stdlib/exit.c:64: undefined reference to `_exit'
collect2: error: ld returned 1 exit status


Determining if the C compiler works failed with the following output:
Change Dir: /home/calin/Projects/plant-buddy-nrf/build/CMakeFiles/CMakeTmp

Run Build Command(s):/usr/bin/make cmTC_7e2aa/fast && /usr/bin/make -f CMakeFiles/cmTC_7e2aa.dir/build.make CMakeFiles/cmTC_7e2aa.dir/build
make[1]: Entering directory '/home/calin/Projects/plant-buddy-nrf/build/CMakeFiles/CMakeTmp'
Building C object CMakeFiles/cmTC_7e2aa.dir/testCCompiler.c.o
/bin/arm-none-eabi-gcc-9.2.1    -o CMakeFiles/cmTC_7e2aa.dir/testCCompiler.c.o   -c /home/calin/Projects/plant-buddy-nrf/build/CMakeFiles/CMakeTmp/testCCompiler.c
Linking C executable cmTC_7e2aa
/usr/bin/cmake -E cmake_link_script CMakeFiles/cmTC_7e2aa.dir/link.txt --verbose=1
/bin/arm-none-eabi-gcc-9.2.1      CMakeFiles/cmTC_7e2aa.dir/testCCompiler.c.o  -o cmTC_7e2aa 
/usr/lib/gcc/arm-none-eabi/9.2.1/../../../arm-none-eabi/bin/ld: /usr/lib/gcc/arm-none-eabi/9.2.1/../../../arm-none-eabi/lib/libc.a(lib_a-exit.o): in function `exit':
/build/newlib-CVVEyx/newlib-3.3.0/build/arm-none-eabi/newlib/libc/stdlib/../../../../../newlib/libc/stdlib/exit.c:64: undefined reference to `_exit'
collect2: error: ld returned 1 exit status
make[1]: *** [CMakeFiles/cmTC_7e2aa.dir/build.make:87: cmTC_7e2aa] Error 1
make[1]: Leaving directory '/home/calin/Projects/plant-buddy-nrf/build/CMakeFiles/CMakeTmp'
make: *** [Makefile:121: cmTC_7e2aa/fast] Error 2



Compiling the C compiler identification source file "CMakeCCompilerId.c" failed.
Compiler: /bin/arm-none-eabi-gcc-9.2.1 
Build flags: 
Id flags:  

The output was:
1
/usr/lib/gcc/arm-none-eabi/9.2.1/../../../arm-none-eabi/bin/ld: /usr/lib/gcc/arm-none-eabi/9.2.1/../../../arm-none-eabi/lib/libc.a(lib_a-exit.o): in function `exit':
/build/newlib-CVVEyx/newlib-3.3.0/build/arm-none-eabi/newlib/libc/stdlib/../../../../../newlib/libc/stdlib/exit.c:64: undefined reference to `_exit'
collect2: error: ld returned 1 exit status


Determining if the C compiler works failed with the following output:
Change Dir: /home/calin/Projects/plant-buddy-nrf/build/CMakeFiles/CMakeTmp

Run Build Command(s):/usr/bin/make cmTC_61748/fast && /usr/bin/make -f CMakeFiles/cmTC_61748.dir/build.make CMakeFiles/cmTC_61748.dir/build
make[1]: Entering directory '/home/calin/Projects/plant-buddy-nrf/build/CMakeFiles/CMakeTmp'
Building C object CMakeFiles/cmTC_61748.dir/testCCompiler.c.o
/bin/arm-none-eabi-gcc-9.2.1    -o CMakeFiles/cmTC_61748.dir/testCCompiler.c.o   -c /home/calin/Projects/plant-buddy-nrf/build/CMakeFiles/CMakeTmp/testCCompiler.c
Linking C executable cmTC_61748
/usr/bin/cmake -E cmake_link_script CMakeFiles/cmTC_61748.dir/link.txt --verbose=1
/bin/arm-none-eabi-gcc-9.2.1      CMakeFiles/cmTC_61748.dir/testCCompiler.c.o  -o cmTC_61748 
/usr/lib/gcc/arm-none-eabi/9.2.1/../../../arm-none-eabi/bin/ld: /usr/lib/gcc/arm-none-eabi/9.2.1/../../../arm-none-eabi/lib/libc.a(lib_a-exit.o): in function `exit':
/build/newlib-CVVEyx/newlib-3.3.0/build/arm-none-eabi/newlib/libc/stdlib/../../../../../newlib/libc/stdlib/exit.c:64: undefined reference to `_exit'
collect2: error: ld returned 1 exit status
make[1]: *** [CMakeFiles/cmTC_61748.dir/build.make:87: cmTC_61748] Error 1
make[1]: Leaving directory '/home/calin/Projects/plant-buddy-nrf/build/CMakeFiles/CMakeTmp'
make: *** [Makefile:121: cmTC_61748/fast] Error 2



Compiling the C compiler identification source file "CMakeCCompilerId.c" failed.
Compiler: /bin/arm-none-eabi-gcc-9.2.1 
Build flags: 
Id flags:  

The output was:
1
/usr/lib/gcc/arm-none-eabi/9.2.1/../../../arm-none-eabi/bin/ld: /usr/lib/gcc/arm-none-eabi/9.2.1/../../../arm-none-eabi/lib/libc.a(lib_a-exit.o): in function `exit':
/build/newlib-CVVEyx/newlib-3.3.0/build/arm-none-eabi/newlib/libc/stdlib/../../../../../newlib/libc/stdlib/exit.c:64: undefined reference to `_exit'
collect2: error: ld returned 1 exit status


Determining if the C compiler works failed with the following output:
Change Dir: /home/calin/Projects/plant-buddy-nrf/build/CMakeFiles/CMakeTmp

Run Build Command(s):/usr/bin/make cmTC_a61a8/fast && /usr/bin/make -f CMakeFiles/cmTC_a61a8.dir/build.make CMakeFiles/cmTC_a61a8.dir/build
make[1]: Entering directory '/home/calin/Projects/plant-buddy-nrf/build/CMakeFiles/CMakeTmp'
Building C object CMakeFiles/cmTC_a61a8.dir/testCCompiler.c.o
/bin/arm-none-eabi-gcc-9.2.1    -o CMakeFiles/cmTC_a61a8.dir/testCCompiler.c.o   -c /home/calin/Projects/plant-buddy-nrf/build/CMakeFiles/CMakeTmp/testCCompiler.c
Linking C executable cmTC_a61a8
/usr/bin/cmake -E cmake_link_script CMakeFiles/cmTC_a61a8.dir/link.txt --verbose=1
/bin/arm-none-eabi-gcc-9.2.1      CMakeFiles/cmTC_a61a8.dir/testCCompiler.c.o  -o cmTC_a61a8 
/usr/lib/gcc/arm-none-eabi/9.2.1/../../../arm-none-eabi/bin/ld: /usr/lib/gcc/arm-none-eabi/9.2.1/../../../arm-none-eabi/lib/libc.a(lib_a-exit.o): in function `exit':
/build/newlib-CVVEyx/newlib-3.3.0/build/arm-none-eabi/newlib/libc/stdlib/../../../../../newlib/libc/stdlib/exit.c:64: undefined reference to `_exit'
collect2: error: ld returned 1 exit status
make[1]: *** [CMakeFiles/cmTC_a61a8.dir/build.make:87: cmTC_a61a8] Error 1
make[1]: Leaving directory '/home/calin/Projects/plant-buddy-nrf/build/CMakeFiles/CMakeTmp'
make: *** [Makefile:121: cmTC_a61a8/fast] Error 2



Compiling the C compiler identification source file "CMakeCCompilerId.c" failed.
Compiler: /bin/arm-none-eabi-gcc-9.2.1 
Build flags: 
Id flags:  

The output was:
1
/usr/lib/gcc/arm-none-eabi/9.2.1/../../../arm-none-eabi/bin/ld: /usr/lib/gcc/arm-none-eabi/9.2.1/../../../arm-none-eabi/lib/libc.a(lib_a-exit.o): in function `exit':
/build/newlib-CVVEyx/newlib-3.3.0/build/arm-none-eabi/newlib/libc/stdlib/../../../../../newlib/libc/stdlib/exit.c:64: undefined reference to `_exit'
collect2: error: ld returned 1 exit status


Determining if the C compiler works failed with the following output:
Change Dir: /home/calin/Projects/plant-buddy-nrf/build/CMakeFiles/CMakeTmp

Run Build Command(s):/usr/bin/make cmTC_8839c/fast && /usr/bin/make -f CMakeFiles/cmTC_8839c.dir/build.make CMakeFiles/cmTC_8839c.dir/build
make[1]: Entering directory '/home/calin/Projects/plant-buddy-nrf/build/CMakeFiles/CMakeTmp'
Building C object CMakeFiles/cmTC_8839c.dir/testCCompiler.c.o
/bin/arm-none-eabi-gcc-9.2.1    -o CMakeFiles/cmTC_8839c.dir/testCCompiler.c.o   -c /home/calin/Projects/plant-buddy-nrf/build/CMakeFiles/CMakeTmp/testCCompiler.c
Linking C executable cmTC_8839c
/usr/bin/cmake -E cmake_link_script CMakeFiles/cmTC_8839c.dir/link.txt --verbose=1
/bin/arm-none-eabi-gcc-9.2.1      CMakeFiles/cmTC_8839c.dir/testCCompiler.c.o  -o cmTC_8839c 
/usr/lib/gcc/arm-none-eabi/9.2.1/../../../arm-none-eabi/bin/ld: /usr/lib/gcc/arm-none-eabi/9.2.1/../../../arm-none-eabi/lib/libc.a(lib_a-exit.o): in function `exit':
/build/newlib-CVVEyx/newlib-3.3.0/build/arm-none-eabi/newlib/libc/stdlib/../../../../../newlib/libc/stdlib/exit.c:64: undefined reference to `_exit'
collect2: error: ld returned 1 exit status
make[1]: *** [CMakeFiles/cmTC_8839c.dir/build.make:87: cmTC_8839c] Error 1
make[1]: Leaving directory '/home/calin/Projects/plant-buddy-nrf/build/CMakeFiles/CMakeTmp'
make: *** [Makefile:121: cmTC_8839c/fast] Error 2



Compiling the C compiler identification source file "CMakeCCompilerId.c" failed.
Compiler: /bin/arm-none-eabi-gcc-9.2.1 
Build flags: 
Id flags:  

The output was:
1
/usr/lib/gcc/arm-none-eabi/9.2.1/../../../arm-none-eabi/bin/ld: /usr/lib/gcc/arm-none-eabi/9.2.1/../../../arm-none-eabi/lib/libc.a(lib_a-exit.o): in function `exit':
/build/newlib-CVVEyx/newlib-3.3.0/build/arm-none-eabi/newlib/libc/stdlib/../../../../../newlib/libc/stdlib/exit.c:64: undefined reference to `_exit'
collect2: error: ld returned 1 exit status


Determining if the C compiler works failed with the following output:
Change Dir: /home/calin/Projects/plant-buddy-nrf/build/CMakeFiles/CMakeTmp

Run Build Command(s):/usr/bin/make cmTC_d0d32/fast && /usr/bin/make -f CMakeFiles/cmTC_d0d32.dir/build.make CMakeFiles/cmTC_d0d32.dir/build
make[1]: Entering directory '/home/calin/Projects/plant-buddy-nrf/build/CMakeFiles/CMakeTmp'
Building C object CMakeFiles/cmTC_d0d32.dir/testCCompiler.c.o
/bin/arm-none-eabi-gcc-9.2.1    -o CMakeFiles/cmTC_d0d32.dir/testCCompiler.c.o   -c /home/calin/Projects/plant-buddy-nrf/build/CMakeFiles/CMakeTmp/testCCompiler.c
Linking C executable cmTC_d0d32
/usr/bin/cmake -E cmake_link_script CMakeFiles/cmTC_d0d32.dir/link.txt --verbose=1
/bin/arm-none-eabi-gcc-9.2.1      CMakeFiles/cmTC_d0d32.dir/testCCompiler.c.o  -o cmTC_d0d32 
/usr/lib/gcc/arm-none-eabi/9.2.1/../../../arm-none-eabi/bin/ld: /usr/lib/gcc/arm-none-eabi/9.2.1/../../../arm-none-eabi/lib/libc.a(lib_a-exit.o): in function `exit':
/build/newlib-CVVEyx/newlib-3.3.0/build/arm-none-eabi/newlib/libc/stdlib/../../../../../newlib/libc/stdlib/exit.c:64: undefined reference to `_exit'
collect2: error: ld returned 1 exit status
make[1]: *** [CMakeFiles/cmTC_d0d32.dir/build.make:87: cmTC_d0d32] Error 1
make[1]: Leaving directory '/home/calin/Projects/plant-buddy-nrf/build/CMakeFiles/CMakeTmp'
make: *** [Makefile:121: cmTC_d0d32/fast] Error 2



Compiling the C compiler identification source file "CMakeCCompilerId.c" failed.
Compiler: /bin/arm-none-eabi-gcc-9.2.1 
Build flags: 
Id flags:  

The output was:
1
/usr/lib/gcc/arm-none-eabi/9.2.1/../../../arm-none-eabi/bin/ld: /usr/lib/gcc/arm-none-eabi/9.2.1/../../../arm-none-eabi/lib/libc.a(lib_a-exit.o): in function `exit':
/build/newlib-CVVEyx/newlib-3.3.0/build/arm-none-eabi/newlib/libc/stdlib/../../../../../newlib/libc/stdlib/exit.c:64: undefined reference to `_exit'
collect2: error: ld returned 1 exit status


Determining if the C compiler works failed with the following output:
Change Dir: /home/calin/Projects/plant-buddy-nrf/build/CMakeFiles/CMakeTmp

Run Build Command(s):/usr/bin/make cmTC_7dfe7/fast && /usr/bin/make -f CMakeFiles/cmTC_7dfe7.dir/build.make CMakeFiles/cmTC_7dfe7.dir/build
make[1]: Entering directory '/home/calin/Projects/plant-buddy-nrf/build/CMakeFiles/CMakeTmp'
Building C object CMakeFiles/cmTC_7dfe7.dir/testCCompiler.c.o
/bin/arm-none-eabi-gcc-9.2.1    -o CMakeFiles/cmTC_7dfe7.dir/testCCompiler.c.o   -c /home/calin/Projects/plant-buddy-nrf/build/CMakeFiles/CMakeTmp/testCCompiler.c
Linking C executable cmTC_7dfe7
/usr/bin/cmake -E cmake_link_script CMakeFiles/cmTC_7dfe7.dir/link.txt --verbose=1
/bin/arm-none-eabi-gcc-9.2.1      CMakeFiles/cmTC_7dfe7.dir/testCCompiler.c.o  -o cmTC_7dfe7 
/usr/lib/gcc/arm-none-eabi/9.2.1/../../../arm-none-eabi/bin/ld: /usr/lib/gcc/arm-none-eabi/9.2.1/../../../arm-none-eabi/lib/libc.a(lib_a-exit.o): in function `exit':
/build/newlib-CVVEyx/newlib-3.3.0/build/arm-none-eabi/newlib/libc/stdlib/../../../../../newlib/libc/stdlib/exit.c:64: undefined reference to `_exit'
collect2: error: ld returned 1 exit status
make[1]: *** [CMakeFiles/cmTC_7dfe7.dir/build.make:87: cmTC_7dfe7] Error 1
make[1]: Leaving directory '/home/calin/Projects/plant-buddy-nrf/build/CMakeFiles/CMakeTmp'
make: *** [Makefile:121: cmTC_7dfe7/fast] Error 2



Compiling the C compiler identification source file "CMakeCCompilerId.c" failed.
Compiler: /bin/arm-none-eabi-gcc-9.2.1 
Build flags: 
Id flags:  

The output was:
1
/usr/lib/gcc/arm-none-eabi/9.2.1/../../../arm-none-eabi/bin/ld: /usr/lib/gcc/arm-none-eabi/9.2.1/../../../arm-none-eabi/lib/libc.a(lib_a-exit.o): in function `exit':
/build/newlib-CVVEyx/newlib-3.3.0/build/arm-none-eabi/newlib/libc/stdlib/../../../../../newlib/libc/stdlib/exit.c:64: undefined reference to `_exit'
collect2: error: ld returned 1 exit status


Determining if the C compiler works failed with the following output:
Change Dir: /home/calin/Projects/plant-buddy-nrf/build/CMakeFiles/CMakeTmp

Run Build Command(s):/usr/bin/make cmTC_0eaec/fast && /usr/bin/make -f CMakeFiles/cmTC_0eaec.dir/build.make CMakeFiles/cmTC_0eaec.dir/build
make[1]: Entering directory '/home/calin/Projects/plant-buddy-nrf/build/CMakeFiles/CMakeTmp'
Building C object CMakeFiles/cmTC_0eaec.dir/testCCompiler.c.o
/bin/arm-none-eabi-gcc-9.2.1    -o CMakeFiles/cmTC_0eaec.dir/testCCompiler.c.o   -c /home/calin/Projects/plant-buddy-nrf/build/CMakeFiles/CMakeTmp/testCCompiler.c
Linking C executable cmTC_0eaec
/usr/bin/cmake -E cmake_link_script CMakeFiles/cmTC_0eaec.dir/link.txt --verbose=1
/bin/arm-none-eabi-gcc-9.2.1      CMakeFiles/cmTC_0eaec.dir/testCCompiler.c.o  -o cmTC_0eaec 
/usr/lib/gcc/arm-none-eabi/9.2.1/../../../arm-none-eabi/bin/ld: /usr/lib/gcc/arm-none-eabi/9.2.1/../../../arm-none-eabi/lib/libc.a(lib_a-exit.o): in function `exit':
/build/newlib-CVVEyx/newlib-3.3.0/build/arm-none-eabi/newlib/libc/stdlib/../../../../../newlib/libc/stdlib/exit.c:64: undefined reference to `_exit'
collect2: error: ld returned 1 exit status
make[1]: *** [CMakeFiles/cmTC_0eaec.dir/build.make:87: cmTC_0eaec] Error 1
make[1]: Leaving directory '/home/calin/Projects/plant-buddy-nrf/build/CMakeFiles/CMakeTmp'
make: *** [Makefile:121: cmTC_0eaec/fast] Error 2



