Drill report for PlantBuddy.kicad_pcb
Created on Wed Jun 15 15:16:03 2022

Copper Layer Stackup:
    =============================================================
    L1 :  F.Cu                      front
    L2 :  In1.Cu                    in1
    L3 :  In2.Cu                    in2
    L4 :  B.Cu                      back


Drill file 'PlantBuddy.drl' contains
    plated through holes:
    =============================================================
    T1  0.250mm  0.0098"  (69 holes)
    T2  0.500mm  0.0197"  (2 holes)
    T3  0.600mm  0.0236"  (4 holes)  (with 4 slots)

    Total plated holes count 75


Not plated through holes are merged with plated holes
    unplated through holes:
    =============================================================
    T4  0.650mm  0.0256"  (2 holes)
    T5  1.152mm  0.0454"  (2 holes)

    Total unplated holes count 4
